<?xml version="1.0" encoding="UTF-8"?>
<!-- Generated by org.testng.reporters.JUnitReportReporter -->
<testsuite skipped="0" hostname="LAPTOP-OO14C4N6" name="com.emailTests.GmailAutomation" tests="3" failures="0" timestamp="03 Dec 2018 02:19:03 GMT" time="17.655" errors="0">
  <testcase name="clickOnSignInButton" time="3.652" classname="com.emailTests.GmailAutomation"/>
  <testcase name="enterUserNameAndPassword" time="1.064" classname="com.emailTests.GmailAutomation"/>
  <testcase name="sendingAnEmail" time="12.939" classname="com.emailTests.GmailAutomation"/>
</testsuite> <!-- com.emailTests.GmailAutomation -->
